Copyright 1986-2016 Xilinx, Inc. All Rights Reserved.
------------------------------------------------------------------------------------------
| Tool Version : Vivado v.2016.4 (lin64) Build 1756540 Mon Jan 23 19:11:19 MST 2017
| Date         : Sun Nov 27 23:39:36 2022
| Host         : deniz-huawei running 64-bit Linux Mint 21
| Command      : report_control_sets -verbose -file TrafficLights_control_sets_placed.rpt
| Design       : TrafficLights
| Device       : xc7a35t
------------------------------------------------------------------------------------------

Control Set Information

Table of Contents
-----------------
1. Summary
2. Flip-Flop Distribution
3. Detailed Control Set Information

1. Summary
----------

+----------------------------------------------------------+-------+
|                          Status                          | Count |
+----------------------------------------------------------+-------+
| Number of unique control sets                            |     3 |
| Unused register locations in slices containing registers |    16 |
+----------------------------------------------------------+-------+


2. Flip-Flop Distribution
-------------------------

+--------------+-----------------------+------------------------+-----------------+--------------+
| Clock Enable | Synchronous Set/Reset | Asynchronous Set/Reset | Total Registers | Total Slices |
+--------------+-----------------------+------------------------+-----------------+--------------+
| No           | No                    | No                     |               1 |            1 |
| No           | No                    | Yes                    |               3 |            1 |
| No           | Yes                   | No                     |              28 |            8 |
| Yes          | No                    | No                     |               0 |            0 |
| Yes          | No                    | Yes                    |               0 |            0 |
| Yes          | Yes                   | No                     |               0 |            0 |
+--------------+-----------------------+------------------------+-----------------+--------------+


3. Detailed Control Set Information
-----------------------------------

+------------------+---------------+-----------------------+------------------+----------------+
|   Clock Signal   | Enable Signal |    Set/Reset Signal   | Slice Load Count | Bel Load Count |
+------------------+---------------+-----------------------+------------------+----------------+
|  clk_IBUF_BUFG   |               |                       |                1 |              1 |
|  changedClok/CLK |               | reset_IBUF            |                1 |              3 |
|  clk_IBUF_BUFG   |               | changedClok/clock_out |                8 |             28 |
+------------------+---------------+-----------------------+------------------+----------------+


+--------+-----------------------+
| Fanout | Number of ControlSets |
+--------+-----------------------+
| 1      |                     1 |
| 3      |                     1 |
| 16+    |                     1 |
+--------+-----------------------+


